Release 14.7 - xst P.20131013 (nt64)
Copyright (c) 1995-2013 Xilinx, Inc.  All rights reserved.
--> Parameter TMPDIR set to xst/projnav.tmp


Total REAL time to Xst completion: 0.00 secs
Total CPU time to Xst completion: 0.13 secs
 
--> Parameter xsthdpdir set to xst


Total REAL time to Xst completion: 0.00 secs
Total CPU time to Xst completion: 0.13 secs
 
--> Reading design: Multiplier.prj

TABLE OF CONTENTS
  1) Synthesis Options Summary
  2) HDL Parsing
  3) HDL Elaboration
  4) HDL Synthesis
       4.1) HDL Synthesis Report
  5) Advanced HDL Synthesis
       5.1) Advanced HDL Synthesis Report
  6) Low Level Synthesis
  7) Partition Report
  8) Design Summary
       8.1) Primitive and Black Box Usage
       8.2) Device utilization summary
       8.3) Partition Resource Summary
       8.4) Timing Report
            8.4.1) Clock Information
            8.4.2) Asynchronous Control Signals Information
            8.4.3) Timing Summary
            8.4.4) Timing Details
            8.4.5) Cross Clock Domains Report


=========================================================================
*                      Synthesis Options Summary                        *
=========================================================================
---- Source Parameters
Input File Name                    : "Multiplier.prj"
Ignore Synthesis Constraint File   : NO

---- Target Parameters
Output File Name                   : "Multiplier"
Output Format                      : NGC
Target Device                      : xc6slx16-3-csg324

---- Source Options
Top Module Name                    : Multiplier
Automatic FSM Extraction           : YES
FSM Encoding Algorithm             : Auto
Safe Implementation                : No
FSM Style                          : LUT
RAM Extraction                     : Yes
RAM Style                          : Auto
ROM Extraction                     : Yes
Shift Register Extraction          : YES
ROM Style                          : Auto
Resource Sharing                   : YES
Asynchronous To Synchronous        : NO
Shift Register Minimum Size        : 2
Use DSP Block                      : Auto
Automatic Register Balancing       : No

---- Target Options
LUT Combining                      : Auto
Reduce Control Sets                : Auto
Add IO Buffers                     : YES
Global Maximum Fanout              : 100000
Add Generic Clock Buffer(BUFG)     : 16
Register Duplication               : YES
Optimize Instantiated Primitives   : NO
Use Clock Enable                   : Auto
Use Synchronous Set                : Auto
Use Synchronous Reset              : Auto
Pack IO Registers into IOBs        : Auto
Equivalent register Removal        : YES

---- General Options
Optimization Goal                  : Speed
Optimization Effort                : 1
Power Reduction                    : NO
Keep Hierarchy                     : No
Netlist Hierarchy                  : As_Optimized
RTL Output                         : Yes
Global Optimization                : AllClockNets
Read Cores                         : YES
Write Timing Constraints           : NO
Cross Clock Analysis               : NO
Hierarchy Separator                : /
Bus Delimiter                      : <>
Case Specifier                     : Maintain
Slice Utilization Ratio            : 100
BRAM Utilization Ratio             : 100
DSP48 Utilization Ratio            : 100
Auto BRAM Packing                  : NO
Slice Utilization Ratio Delta      : 5

=========================================================================


=========================================================================
*                          HDL Parsing                                  *
=========================================================================
Parsing VHDL file "D:\Projects\Xilinx\ProjectFPGAv1\Multiplier.vhd" into library work
Parsing entity <Multiplier>.
Parsing architecture <Multiply> of entity <multiplier>.

=========================================================================
*                            HDL Elaboration                            *
=========================================================================

Elaborating entity <Multiplier> (architecture <Multiply>) from library <work>.
INFO:HDLCompiler:679 - "D:\Projects\Xilinx\ProjectFPGAv1\Multiplier.vhd" Line 66. Case statement is complete. others clause is never selected

=========================================================================
*                           HDL Synthesis                               *
=========================================================================

Synthesizing Unit <Multiplier>.
    Related source file is "D:\Projects\Xilinx\ProjectFPGAv1\Multiplier.vhd".
    Found 1-bit register for signal <sign>.
    Found 16-bit register for signal <NB>.
    Found 16-bit register for signal <SUM>.
    Found 1-bit register for signal <state>.
    Found 16-bit register for signal <Q>.
    Found 8-bit register for signal <NA>.
    Found 8-bit adder for signal <A[7]_GND_6_o_add_1_OUT> created at line 32.
    Found 16-bit adder for signal <GND_6_o_GND_6_o_add_4_OUT> created at line 39.
    Found 16-bit adder for signal <SUM[15]_NB[15]_add_7_OUT> created at line 53.
    Found 16-bit adder for signal <SUM[15]_GND_6_o_add_10_OUT> created at line 62.
    Summary:
	inferred   4 Adder/Subtractor(s).
	inferred  58 D-type flip-flop(s).
	inferred   7 Multiplexer(s).
Unit <Multiplier> synthesized.

=========================================================================
HDL Synthesis Report

Macro Statistics
# Adders/Subtractors                                   : 4
 16-bit adder                                          : 3
 8-bit adder                                           : 1
# Registers                                            : 6
 1-bit register                                        : 2
 16-bit register                                       : 3
 8-bit register                                        : 1
# Multiplexers                                         : 7
 1-bit 2-to-1 multiplexer                              : 2
 16-bit 2-to-1 multiplexer                             : 3
 8-bit 2-to-1 multiplexer                              : 2

=========================================================================

=========================================================================
*                       Advanced HDL Synthesis                          *
=========================================================================


Synthesizing (advanced) Unit <Multiplier>.
The following registers are absorbed into accumulator <SUM>: 1 register on signal <SUM>.
Unit <Multiplier> synthesized (advanced).

=========================================================================
Advanced HDL Synthesis Report

Macro Statistics
# Adders/Subtractors                                   : 3
 16-bit adder                                          : 2
 8-bit adder                                           : 1
# Accumulators                                         : 1
 16-bit up accumulator                                 : 1
# Registers                                            : 42
 Flip-Flops                                            : 42
# Multiplexers                                         : 29
 1-bit 2-to-1 multiplexer                              : 26
 16-bit 2-to-1 multiplexer                             : 2
 8-bit 2-to-1 multiplexer                              : 1

=========================================================================

=========================================================================
*                         Low Level Synthesis                           *
=========================================================================

Optimizing unit <Multiplier> ...

Mapping all equations...
Building and optimizing final netlist ...
Found area constraint ratio of 100 (+ 5) on block Multiplier, actual ratio is 1.

Final Macro Processing ...

=========================================================================
Final Register Report

Macro Statistics
# Registers                                            : 58
 Flip-Flops                                            : 58

=========================================================================

=========================================================================
*                           Partition Report                            *
=========================================================================

Partition Implementation Status
-------------------------------

  No Partitions were found in this design.

-------------------------------

=========================================================================
*                            Design Summary                             *
=========================================================================

Top Level Output File Name         : Multiplier.ngc

Primitive and Black Box Usage:
------------------------------
# BELS                             : 166
#      GND                         : 1
#      INV                         : 16
#      LUT1                        : 1
#      LUT2                        : 18
#      LUT3                        : 17
#      LUT4                        : 15
#      LUT5                        : 20
#      LUT6                        : 15
#      MUXCY                       : 30
#      VCC                         : 1
#      XORCY                       : 32
# FlipFlops/Latches                : 58
#      FD                          : 26
#      FDE                         : 16
#      FDRE                        : 16
# Clock Buffers                    : 1
#      BUFGP                       : 1
# IO Buffers                       : 33
#      IBUF                        : 17
#      OBUF                        : 16

Device utilization summary:
---------------------------

Selected Device : 6slx16csg324-3 


Slice Logic Utilization: 
 Number of Slice Registers:              58  out of  18224     0%  
 Number of Slice LUTs:                  102  out of   9112     1%  
    Number used as Logic:               102  out of   9112     1%  

Slice Logic Distribution: 
 Number of LUT Flip Flop pairs used:    102
   Number with an unused Flip Flop:      44  out of    102    43%  
   Number with an unused LUT:             0  out of    102     0%  
   Number of fully used LUT-FF pairs:    58  out of    102    56%  
   Number of unique control sets:         4

IO Utilization: 
 Number of IOs:                          34
 Number of bonded IOBs:                  34  out of    232    14%  

Specific Feature Utilization:
 Number of BUFG/BUFGCTRLs:                1  out of     16     6%  

---------------------------
Partition Resource Summary:
---------------------------

  No Partitions were found in this design.

---------------------------


=========================================================================
Timing Report

NOTE: THESE TIMING NUMBERS ARE ONLY A SYNTHESIS ESTIMATE.
      FOR ACCURATE TIMING INFORMATION PLEASE REFER TO THE TRACE REPORT
      GENERATED AFTER PLACE-and-ROUTE.

Clock Information:
------------------
-----------------------------------+------------------------+-------+
Clock Signal                       | Clock buffer(FF name)  | Load  |
-----------------------------------+------------------------+-------+
CLK                                | BUFGP                  | 58    |
-----------------------------------+------------------------+-------+

Asynchronous Control Signals Information:
----------------------------------------
No asynchronous control signals found in this design

Timing Summary:
---------------
Speed Grade: -3

   Minimum period: 3.710ns (Maximum Frequency: 269.574MHz)
   Minimum input arrival time before clock: 4.573ns
   Maximum output required time after clock: 3.634ns
   Maximum combinational path delay: No path found

Timing Details:
---------------
All values displayed in nanoseconds (ns)

=========================================================================
Timing constraint: Default period analysis for Clock 'CLK'
  Clock period: 3.710ns (frequency: 269.574MHz)
  Total number of paths / destination ports: 1040 / 106
-------------------------------------------------------------------------
Delay:               3.710ns (Levels of Logic = 3)
  Source:            NA_5 (FF)
  Destination:       NB_1 (FF)
  Source Clock:      CLK rising
  Destination Clock: CLK rising

  Data Path: NA_5 to NB_1
                                Gate     Net
    Cell:in->out      fanout   Delay   Delay  Logical Name (Net Name)
    ----------------------------------------  ------------
     FD:C->Q               4   0.447   0.931  NA_5 (NA_5)
     LUT4:I0->O            4   0.203   0.684  _n0085_SW0 (N01)
     LUT6:I5->O           13   0.205   0.933  _n0085 (_n0085)
     LUT3:I2->O            1   0.205   0.000  NB_1_rstpot (NB_1_rstpot)
     FD:D                      0.102          NB_1
    ----------------------------------------
    Total                      3.710ns (1.162ns logic, 2.548ns route)
                                       (31.3% logic, 68.7% route)

=========================================================================
Timing constraint: Default OFFSET IN BEFORE for Clock 'CLK'
  Total number of paths / destination ports: 87 / 18
-------------------------------------------------------------------------
Offset:              4.573ns (Levels of Logic = 4)
  Source:            B<4> (PAD)
  Destination:       NB_6 (FF)
  Destination Clock: CLK rising

  Data Path: B<4> to NB_6
                                Gate     Net
    Cell:in->out      fanout   Delay   Delay  Logical Name (Net Name)
    ----------------------------------------  ------------
     IBUF:I->O             3   1.222   0.995  B_4_IBUF (B_4_IBUF)
     LUT6:I1->O            2   0.203   0.961  NB[15]_GND_6_o_mux_19_OUT<6>11 (NB[15]_GND_6_o_mux_19_OUT<6>_bdd0)
     LUT5:I0->O            1   0.203   0.684  NB[15]_GND_6_o_mux_19_OUT<7>1 (NB[15]_GND_6_o_mux_19_OUT<7>)
     LUT3:I1->O            1   0.203   0.000  NB_7_rstpot (NB_7_rstpot)
     FD:D                      0.102          NB_7
    ----------------------------------------
    Total                      4.573ns (1.933ns logic, 2.640ns route)
                                       (42.3% logic, 57.7% route)

=========================================================================
Timing constraint: Default OFFSET OUT AFTER for Clock 'CLK'
  Total number of paths / destination ports: 16 / 16
-------------------------------------------------------------------------
Offset:              3.634ns (Levels of Logic = 1)
  Source:            Q_15 (FF)
  Destination:       Q<15> (PAD)
  Source Clock:      CLK rising

  Data Path: Q_15 to Q<15>
                                Gate     Net
    Cell:in->out      fanout   Delay   Delay  Logical Name (Net Name)
    ----------------------------------------  ------------
     FDE:C->Q              2   0.447   0.616  Q_15 (Q_15)
     OBUF:I->O                 2.571          Q_15_OBUF (Q<15>)
    ----------------------------------------
    Total                      3.634ns (3.018ns logic, 0.616ns route)
                                       (83.0% logic, 17.0% route)

=========================================================================

Cross Clock Domains Report:
--------------------------

Clock to Setup on destination clock CLK
---------------+---------+---------+---------+---------+
               | Src:Rise| Src:Fall| Src:Rise| Src:Fall|
Source Clock   |Dest:Rise|Dest:Rise|Dest:Fall|Dest:Fall|
---------------+---------+---------+---------+---------+
CLK            |    3.710|         |         |         |
---------------+---------+---------+---------+---------+

=========================================================================


Total REAL time to Xst completion: 5.00 secs
Total CPU time to Xst completion: 4.94 secs
 
--> 

Total memory usage is 295208 kilobytes

Number of errors   :    0 (   0 filtered)
Number of warnings :    0 (   0 filtered)
Number of infos    :    0 (   0 filtered)

