--------------------------------------------------------------------------------
Release 14.7 Trace  (nt64)
Copyright (c) 1995-2013 Xilinx, Inc.  All rights reserved.

D:\Programs\Xilinx\14.7\ISE_DS\ISE\bin\nt64\unwrapped\trce.exe -intstyle ise -v
3 -s 3 -n 3 -fastpaths -xml Multiplier.twx Multiplier.ncd -o Multiplier.twr
Multiplier.pcf -ucf Decoder.ucf

Design file:              Multiplier.ncd
Physical constraint file: Multiplier.pcf
Device,package,speed:     xc6slx16,csg324,C,-3 (PRODUCTION 1.23 2013-10-13)
Report level:             verbose report

Environment Variable      Effect 
--------------------      ------ 
NONE                      No environment variables were set
--------------------------------------------------------------------------------

INFO:Timing:2698 - No timing constraints found, doing default enumeration.
INFO:Timing:3412 - To improve timing, see the Timing Closure User Guide (UG612).
INFO:Timing:2752 - To get complete path coverage, use the unconstrained paths 
   option. All paths that are not constrained will be reported in the 
   unconstrained paths section(s) of the report.
INFO:Timing:3339 - The clock-to-out numbers in this timing report are based on 
   a 50 Ohm transmission line loading model.  For the details of this model, 
   and for more information on accounting for different loading conditions, 
   please see the device datasheet.



Data Sheet report:
-----------------
All values displayed in nanoseconds (ns)

Setup/Hold to clock CLK
------------+------------+------------+------------+------------+------------------+--------+
            |Max Setup to|  Process   |Max Hold to |  Process   |                  | Clock  |
Source      | clk (edge) |   Corner   | clk (edge) |   Corner   |Internal Clock(s) | Phase  |
------------+------------+------------+------------+------------+------------------+--------+
A<0>        |    0.706(R)|      FAST  |    0.006(R)|      SLOW  |CLK_BUFGP         |   0.000|
A<1>        |    0.788(R)|      FAST  |   -0.127(R)|      SLOW  |CLK_BUFGP         |   0.000|
A<2>        |    0.736(R)|      FAST  |   -0.038(R)|      SLOW  |CLK_BUFGP         |   0.000|
A<3>        |    0.950(R)|      FAST  |   -0.302(R)|      SLOW  |CLK_BUFGP         |   0.000|
A<4>        |    0.790(R)|      FAST  |   -0.224(R)|      SLOW  |CLK_BUFGP         |   0.000|
A<5>        |    0.570(R)|      FAST  |    0.125(R)|      SLOW  |CLK_BUFGP         |   0.000|
A<6>        |    0.842(R)|      FAST  |   -0.138(R)|      SLOW  |CLK_BUFGP         |   0.000|
A<7>        |    1.018(R)|      FAST  |   -0.435(R)|      SLOW  |CLK_BUFGP         |   0.000|
B<0>        |    0.930(R)|      FAST  |   -0.420(R)|      SLOW  |CLK_BUFGP         |   0.000|
B<1>        |    0.762(R)|      FAST  |   -0.061(R)|      SLOW  |CLK_BUFGP         |   0.000|
B<2>        |    1.112(R)|      FAST  |   -0.502(R)|      SLOW  |CLK_BUFGP         |   0.000|
B<3>        |    0.877(R)|      FAST  |   -0.250(R)|      SLOW  |CLK_BUFGP         |   0.000|
B<4>        |    1.153(R)|      FAST  |   -0.594(R)|      SLOW  |CLK_BUFGP         |   0.000|
B<5>        |    0.784(R)|      FAST  |   -0.072(R)|      SLOW  |CLK_BUFGP         |   0.000|
B<6>        |    1.072(R)|      FAST  |   -0.493(R)|      SLOW  |CLK_BUFGP         |   0.000|
B<7>        |    0.845(R)|      FAST  |   -0.226(R)|      SLOW  |CLK_BUFGP         |   0.000|
E           |    1.061(R)|      FAST  |   -0.453(R)|      SLOW  |CLK_BUFGP         |   0.000|
------------+------------+------------+------------+------------+------------------+--------+

Clock CLK to Pad
------------+-----------------+------------+-----------------+------------+------------------+--------+
            |Max (slowest) clk|  Process   |Min (fastest) clk|  Process   |                  | Clock  |
Destination |  (edge) to PAD  |   Corner   |  (edge) to PAD  |   Corner   |Internal Clock(s) | Phase  |
------------+-----------------+------------+-----------------+------------+------------------+--------+
Q<0>        |         7.047(R)|      SLOW  |         3.641(R)|      FAST  |CLK_BUFGP         |   0.000|
Q<1>        |         6.905(R)|      SLOW  |         3.525(R)|      FAST  |CLK_BUFGP         |   0.000|
Q<2>        |         6.968(R)|      SLOW  |         3.579(R)|      FAST  |CLK_BUFGP         |   0.000|
Q<3>        |         6.978(R)|      SLOW  |         3.583(R)|      FAST  |CLK_BUFGP         |   0.000|
Q<4>        |         7.102(R)|      SLOW  |         3.650(R)|      FAST  |CLK_BUFGP         |   0.000|
Q<5>        |         7.115(R)|      SLOW  |         3.656(R)|      FAST  |CLK_BUFGP         |   0.000|
Q<6>        |         6.928(R)|      SLOW  |         3.570(R)|      FAST  |CLK_BUFGP         |   0.000|
Q<7>        |         6.928(R)|      SLOW  |         3.570(R)|      FAST  |CLK_BUFGP         |   0.000|
Q<8>        |         7.135(R)|      SLOW  |         3.684(R)|      FAST  |CLK_BUFGP         |   0.000|
Q<9>        |         7.135(R)|      SLOW  |         3.684(R)|      FAST  |CLK_BUFGP         |   0.000|
Q<10>       |         6.726(R)|      SLOW  |         3.432(R)|      FAST  |CLK_BUFGP         |   0.000|
Q<11>       |         6.893(R)|      SLOW  |         3.561(R)|      FAST  |CLK_BUFGP         |   0.000|
Q<12>       |         7.159(R)|      SLOW  |         3.693(R)|      FAST  |CLK_BUFGP         |   0.000|
Q<13>       |         7.159(R)|      SLOW  |         3.693(R)|      FAST  |CLK_BUFGP         |   0.000|
Q<14>       |         6.934(R)|      SLOW  |         3.561(R)|      FAST  |CLK_BUFGP         |   0.000|
Q<15>       |         6.934(R)|      SLOW  |         3.561(R)|      FAST  |CLK_BUFGP         |   0.000|
------------+-----------------+------------+-----------------+------------+------------------+--------+

Clock to Setup on destination clock CLK
---------------+---------+---------+---------+---------+
               | Src:Rise| Src:Fall| Src:Rise| Src:Fall|
Source Clock   |Dest:Rise|Dest:Rise|Dest:Fall|Dest:Fall|
---------------+---------+---------+---------+---------+
CLK            |    7.180|         |         |         |
---------------+---------+---------+---------+---------+


Analysis completed Mon Apr 17 21:54:57 2017 
--------------------------------------------------------------------------------

Trace Settings:
-------------------------
Trace Settings 

Peak Memory Usage: 244 MB



